<?xml version="1.0" encoding="UTF-8"?>
<!-- Generated by org.testng.reporters.JUnitReportReporter -->
<testsuite hostname="MANUBIRADAR" failures="0" tests="3" name="demoqa.com.NewTest" time="0.025" errors="0" timestamp="2023-07-23T16:25:49 IST" skipped="0">
  <testcase classname="demoqa.com.NewTest" name="TC3" time="0.009"/>
  <system-out/>
  <testcase classname="demoqa.com.NewTest" name="TC1" time="0.010"/>
  <system-out/>
  <testcase classname="demoqa.com.NewTest" name="TC2" time="0.006"/>
  <system-out/>
</testsuite> <!-- demoqa.com.NewTest -->
