<?xml version="1.0" encoding="UTF-8"?>
<!-- Generated by org.testng.reporters.JUnitReportReporter -->
<testsuite hostname="MANUBIRADAR" failures="0" tests="4" name="demoqa.com.saucedemo" time="1.807" errors="0" timestamp="2023-03-03T09:24:42 IST" skipped="0">
  <testcase classname="demoqa.com.saucedemo" name="Login_logout_TC1" time="0.592"/>
  <system-out/>
  <testcase classname="demoqa.com.saucedemo" name="wrong_id_password_TC2" time="0.427"/>
  <system-out/>
  <testcase classname="demoqa.com.saucedemo" name="wrong_id_TC3" time="0.377"/>
  <system-out/>
  <testcase classname="demoqa.com.saucedemo" name="wrong_password_TC4" time="0.411"/>
  <system-out/>
</testsuite> <!-- demoqa.com.saucedemo -->
