<?xml version="1.0" encoding="UTF-8"?>
<!-- Generated by org.testng.reporters.JUnitReportReporter -->
<testsuite hostname="MANUBIRADAR" failures="0" tests="10" name="demoqa.com.LoginTest" time="11.940" errors="0" timestamp="2023-07-22T21:24:31 IST" skipped="0">
  <testcase classname="demoqa.com.LoginTest" name="Login_TC10" time="0.634"/>
  <system-out/>
  <testcase classname="demoqa.com.LoginTest" name="Login_TC08" time="0.288"/>
  <system-out/>
  <testcase classname="demoqa.com.LoginTest" name="Login_TC09" time="0.416"/>
  <system-out/>
  <testcase classname="demoqa.com.LoginTest" name="Login_TC01" time="0.876"/>
  <system-out/>
  <testcase classname="demoqa.com.LoginTest" name="Login_TC02" time="0.469"/>
  <system-out/>
  <testcase classname="demoqa.com.LoginTest" name="Login_TC03" time="0.558"/>
  <system-out/>
  <testcase classname="demoqa.com.LoginTest" name="Login_TC04" time="0.485"/>
  <system-out/>
  <testcase classname="demoqa.com.LoginTest" name="Login_TC05" time="0.557"/>
  <system-out/>
  <testcase classname="demoqa.com.LoginTest" name="Login_TC06" time="1.206"/>
  <system-out/>
  <testcase classname="demoqa.com.LoginTest" name="Login_TC07" time="6.451"/>
  <system-out/>
</testsuite> <!-- demoqa.com.LoginTest -->
